<?xml version="1.0" encoding="UTF-8"?>
<!-- Generated by org.testng.reporters.JUnitXMLReporter -->
<testsuite ignored="0" hostname="LAPTOP-AG5AQ5SQ" failures="2" tests="2" name="Test" time="1.054" errors="0" timestamp="2024-09-16T18:54:24 IST">
  <testcase classname="pac.CreateCampaignTest" name="createCampaignTest" time="0.994">
    <failure type="java.lang.IllegalArgumentException" message="Driver must be set">
      <![CDATA[java.lang.IllegalArgumentException: Driver must be set
at org.openqa.selenium.internal.Require.nonNull(Require.java:61)
at org.openqa.selenium.interactions.Actions.<init>(Actions.java:59)
at com.trent.generic.objectUtility.HomePage.clickOnCampaign(HomePage.java:95)
at pac.CreateCampaignTest.createCampaignTest(CreateCampaignTest.java:23)
at java.base/java.util.ArrayList.forEach(ArrayList.java:1511)
... Removed 27 stack frames]]>
    </failure>
  </testcase> <!-- createCampaignTest -->
  <testcase classname="pac.CreateCampaignTest" name="createCampaignTest" time="1.017">
    <failure type="java.lang.NullPointerException" message="Cannot invoke &amp;quot;org.openqa.selenium.TakesScreenshot.getScreenshotAs(org.openqa.selenium.OutputType)&amp;quot; because &amp;quot;ts&amp;quot; is null">
      <![CDATA[java.lang.NullPointerException: Cannot invoke "org.openqa.selenium.TakesScreenshot.getScreenshotAs(org.openqa.selenium.OutputType)" because "ts" is null
at com.trent.listnerUtility.ListImpClass.onTestFailure(ListImpClass.java:64)
at java.base/java.util.ArrayList.forEach(ArrayList.java:1511)
... Removed 24 stack frames]]>
    </failure>
  </testcase> <!-- createCampaignTest -->
</testsuite> <!-- Test -->
